Build started 8/02/2014 19:16:43.
     1>Project "C:\Users\Ellen\Documents\2 informatica\softwareontwikkeling1\oefeningen\MySudoku\MySudoku\MySudoku.vcxproj" on node 2 (build target(s)).
     1>InitializeBuildStatus:
         Creating "Debug\MySudoku.unsuccessfulbuild" because "AlwaysCreate" was specified.
       ClCompile:
         c:\Program Files\Microsoft Visual Studio 10.0\VC\bin\CL.exe /c /Zi /nologo /W3 /WX- /Od /Oy- /D _MBCS /Gm /EHsc /RTC1 /MDd /GS /fp:precise /Zc:wchar_t /Zc:forScope /Fo"Debug\\" /Fd"Debug\vc100.pdb" /Gd /TC /analyze- /errorReport:prompt main.c
         main.c
     1>c:\users\ellen\documents\2 informatica\softwareontwikkeling1\oefeningen\mysudoku\mysudoku\Printer.h(3): warning C4067: unexpected tokens following preprocessor directive - expected a newline
     1>main.c(41): warning C4996: 'scanf': This function or variable may be unsafe. Consider using scanf_s instead. To disable deprecation, use _CRT_SECURE_NO_WARNINGS. See online help for details.
                 c:\Program Files\Microsoft Visual Studio 10.0\VC\include\stdio.h(304) : see declaration of 'scanf'
     1>main.c(44): warning C4996: 'scanf': This function or variable may be unsafe. Consider using scanf_s instead. To disable deprecation, use _CRT_SECURE_NO_WARNINGS. See online help for details.
                 c:\Program Files\Microsoft Visual Studio 10.0\VC\include\stdio.h(304) : see declaration of 'scanf'
     1>main.c(60): warning C4996: 'scanf': This function or variable may be unsafe. Consider using scanf_s instead. To disable deprecation, use _CRT_SECURE_NO_WARNINGS. See online help for details.
                 c:\Program Files\Microsoft Visual Studio 10.0\VC\include\stdio.h(304) : see declaration of 'scanf'
     1>main.c(66): warning C4996: 'scanf': This function or variable may be unsafe. Consider using scanf_s instead. To disable deprecation, use _CRT_SECURE_NO_WARNINGS. See online help for details.
                 c:\Program Files\Microsoft Visual Studio 10.0\VC\include\stdio.h(304) : see declaration of 'scanf'
     1>main.c(72): warning C4996: 'scanf': This function or variable may be unsafe. Consider using scanf_s instead. To disable deprecation, use _CRT_SECURE_NO_WARNINGS. See online help for details.
                 c:\Program Files\Microsoft Visual Studio 10.0\VC\include\stdio.h(304) : see declaration of 'scanf'
     1>main.c(87): warning C4996: 'scanf': This function or variable may be unsafe. Consider using scanf_s instead. To disable deprecation, use _CRT_SECURE_NO_WARNINGS. See online help for details.
                 c:\Program Files\Microsoft Visual Studio 10.0\VC\include\stdio.h(304) : see declaration of 'scanf'
     1>main.c(93): warning C4996: 'scanf': This function or variable may be unsafe. Consider using scanf_s instead. To disable deprecation, use _CRT_SECURE_NO_WARNINGS. See online help for details.
                 c:\Program Files\Microsoft Visual Studio 10.0\VC\include\stdio.h(304) : see declaration of 'scanf'
     1>main.c(14): warning C4101: 'i' : unreferenced local variable
       Link:
         c:\Program Files\Microsoft Visual Studio 10.0\VC\bin\link.exe /ERRORREPORT:PROMPT /OUT:"C:\Users\Ellen\Documents\2 informatica\softwareontwikkeling1\oefeningen\MySudoku\Debug\MySudoku.exe" /NOLOGO kernel32.lib user32.lib gdi32.lib winspool.lib comdlg32.lib advapi32.lib shell32.lib ole32.lib oleaut32.lib uuid.lib odbc32.lib odbccp32.lib /MANIFEST /ManifestFile:"Debug\MySudoku.exe.intermediate.manifest" /MANIFESTUAC:"level='asInvoker' uiAccess='false'" /DEBUG /PDB:"C:\Users\Ellen\Documents\2 informatica\softwareontwikkeling1\oefeningen\MySudoku\Debug\MySudoku.pdb" /TLBID:1 /DYNAMICBASE /NXCOMPAT /IMPLIB:"C:\Users\Ellen\Documents\2 informatica\softwareontwikkeling1\oefeningen\MySudoku\Debug\MySudoku.lib" /MACHINE:X86 Debug\Defenitie.obj
         Debug\Filereader.obj
         Debug\main.obj
         Debug\Printer.obj
         Debug\Sudoku.obj
         Debug\test.obj
         LINK : C:\Users\Ellen\Documents\2 informatica\softwareontwikkeling1\oefeningen\MySudoku\Debug\MySudoku.exe not found or not built by the last incremental link; performing full link
         MySudoku.vcxproj -> C:\Users\Ellen\Documents\2 informatica\softwareontwikkeling1\oefeningen\MySudoku\Debug\MySudoku.exe
       Manifest:
         C:\Program Files\Microsoft SDKs\Windows\v7.0A\bin\mt.exe /nologo /verbose /outputresource:"C:\Users\Ellen\Documents\2 informatica\softwareontwikkeling1\oefeningen\MySudoku\Debug\MySudoku.exe;#1" /manifest Debug\MySudoku.exe.intermediate.manifest
       FinalizeBuildStatus:
         Deleting file "Debug\MySudoku.unsuccessfulbuild".
         Touching "Debug\MySudoku.lastbuildstate".
     1>Done Building Project "C:\Users\Ellen\Documents\2 informatica\softwareontwikkeling1\oefeningen\MySudoku\MySudoku\MySudoku.vcxproj" (build target(s)).

Build succeeded.

Time Elapsed 00:00:01.36
